<?xml version="1.0" encoding="UTF-8"?>
<!-- Generated by org.testng.reporters.JUnitXMLReporter -->
<testsuite ignored="0" hostname="Ananyas-MacBook-Pro.local" failures="0" tests="6" name="Default test" time="64.88" errors="0" timestamp="2023-03-15T16:32:52 PDT">
  <testcase classname="com.jan23.tests.SalesforceAutomation" name="TC01_errorLoginSalesforceOne" time="5.119"/>
  <testcase classname="com.jan23.tests.SalesforceAutomation" name="TC02_successLoginSalesforce" time="10.565"/>
  <testcase classname="com.jan23.tests.SalesforceAutomation" name="TC03_rememberMeLoginSalesforce" time="10.438"/>
  <testcase classname="com.jan23.tests.SalesforceAutomation" name="TC04_A_forgotYourPasswordLoginSalesforce" time="9.986"/>
  <testcase classname="com.jan23.tests.SalesforceAutomation" name="TC04_B_errorLoginSalesforceTwo" time="5.298"/>
  <testcase classname="com.jan23.tests.SalesforceAutomation" name="TC05_User_Menu_Dropdown" time="6.893"/>
</testsuite> <!-- Default test -->
