<?xml version="1.0" encoding="UTF-8"?>
<testng-results ignored="0" total="0" passed="0" failed="0" skipped="0">
  <reporter-output>
  </reporter-output>
  <suite started-at="2023-03-15T16:33:48 PDT" name="com.jan23.utility.TestEventListenersUtility" finished-at="2023-03-15T16:33:48 PDT" duration-ms="18">
    <groups>
    </groups>
    <test started-at="2023-03-15T16:33:48 PDT" name="Command line test" finished-at="2023-03-15T16:33:48 PDT" duration-ms="18">
    </test> <!-- Command line test -->
  </suite> <!-- com.jan23.utility.TestEventListenersUtility -->
</testng-results>
